<?xml version="1.0" encoding="UTF-8"?>
<!-- Generated by org.testng.reporters.JUnitReportReporter -->
<testsuite hostname="INDHRRA" name="com.bmw.bmw_searchpage" tests="2" failures="0" timestamp="17 Dec 2018 23:41:00 GMT" time="16.628" errors="0">
  <testcase name="bmw_TC1" time="3.898" classname="com.bmw.bmw_searchpage"/>
  <testcase name="bmw_TC2" time="12.730" classname="com.bmw.bmw_searchpage"/>
</testsuite> <!-- com.bmw.bmw_searchpage -->
