<?xml version="1.0" encoding="UTF-8"?>
<!-- Generated by org.testng.reporters.JUnitReportReporter -->
<testsuite skipped="0" hostname="INDHRRA" name="Jenkins_Job" tests="1" failures="0" timestamp="10 Oct 2018 18:00:48 GMT" time="0.029" errors="0">
  <testcase name="JenkinsTest" time="0.029" classname="Jenkins_Job"/>
</testsuite> <!-- Jenkins_Job -->
