<?xml version="1.0" encoding="UTF-8"?>
<!-- Generated by org.testng.reporters.JUnitReportReporter -->
<testsuite skipped="0" hostname="INDHRRA" name="com.LexusCars.Lexus_Search" tests="2" failures="0" timestamp="13 Oct 2018 19:36:41 GMT" time="0.296" errors="0">
  <testcase name="LX_002" time="0.115" classname="com.LexusCars.Lexus_Search"/>
  <testcase name="LX_001" time="0.181" classname="com.LexusCars.Lexus_Search"/>
</testsuite> <!-- com.LexusCars.Lexus_Search -->
