<?xml version="1.0" encoding="UTF-8"?>
<!-- Generated by org.testng.reporters.JUnitReportReporter -->
<testsuite hostname="INDHRRA" failures="0" tests="1" name="com.LexusCars.Lexuscars" time="5.076" errors="0" timestamp="20 Aug 2018 18:54:26 GMT" skipped="0">
  <testcase classname="com.LexusCars.Lexuscars" name="links" time="5.076"/>
</testsuite> <!-- com.LexusCars.Lexuscars -->
