<?xml version="1.0" encoding="UTF-8"?>
<!-- Generated by org.testng.reporters.JUnitReportReporter -->
<testsuite hostname="INDHRRA" name="com.bmw.bmw_HomePage" tests="1" failures="0" timestamp="18 Dec 2018 18:05:45 GMT" time="7.630" errors="0">
  <testcase name="bmw_TC3" time="7.630" classname="com.bmw.bmw_HomePage"/>
</testsuite> <!-- com.bmw.bmw_HomePage -->
