<?xml version="1.0" encoding="UTF-8"?>
<!-- Generated by org.testng.reporters.JUnitReportReporter -->
<testsuite hostname="INDHRRA" name="com.bmw.bmw_searchpage" tests="2" failures="0" timestamp="18 Dec 2018 18:05:45 GMT" time="14.698" errors="0">
  <testcase name="bmw_TC2" time="10.358" classname="com.bmw.bmw_searchpage"/>
  <testcase name="bmw_TC1" time="4.340" classname="com.bmw.bmw_searchpage"/>
</testsuite> <!-- com.bmw.bmw_searchpage -->
