<?xml version="1.0" encoding="UTF-8"?>
<!-- Generated by org.testng.reporters.JUnitReportReporter -->
<testsuite skipped="0" hostname="INDHRRA" name="com.LexusCars.Lexus_Search" tests="2" failures="0" timestamp="03 Jan 2019 19:12:43 GMT" time="10.170" errors="0">
  <testcase name="LX_002" time="9.381" classname="com.LexusCars.Lexus_Search"/>
  <testcase name="LX_001" time="0.789" classname="com.LexusCars.Lexus_Search"/>
</testsuite> <!-- com.LexusCars.Lexus_Search -->
