<?xml version="1.0" encoding="UTF-8"?>
<!-- Generated by org.testng.reporters.JUnitReportReporter -->
<testsuite skipped="0" hostname="INDHRRA" name="com.LexusCars.Lexus_Link" tests="1" failures="0" timestamp="03 Jan 2019 19:12:43 GMT" time="36.543" errors="0">
  <testcase name="LX_003" time="36.543" classname="com.LexusCars.Lexus_Link"/>
</testsuite> <!-- com.LexusCars.Lexus_Link -->
