<?xml version="1.0" encoding="UTF-8"?>
<!-- Generated by org.testng.reporters.JUnitReportReporter -->
<testsuite skipped="0" hostname="INDHRRA" name="TestNG.Demoooo" tests="3" failures="0" timestamp="18 Dec 2018 17:59:35 GMT" time="32.507" errors="0">
  <testcase name="bmw_TC2" time="19.462" classname="TestNG.Demoooo"/>
  <testcase name="bmw_TC3" time="9.008" classname="TestNG.Demoooo"/>
  <testcase name="bmw_TC1" time="4.037" classname="TestNG.Demoooo"/>
</testsuite> <!-- TestNG.Demoooo -->
