<?xml version="1.0" encoding="UTF-8"?>
<!-- Generated by org.testng.reporters.JUnitReportReporter -->
<testsuite skipped="0" hostname="INDHRRA" name="TestNG.GoogleSearch" tests="1" failures="0" timestamp="14 Dec 2018 00:54:15 GMT" time="23.267" errors="0">
  <testcase name="Tc_001" time="23.267" classname="TestNG.GoogleSearch"/>
</testsuite> <!-- TestNG.GoogleSearch -->
