<?xml version="1.0" encoding="UTF-8"?>
<!-- Generated by org.testng.reporters.JUnitReportReporter -->
<testsuite skipped="0" hostname="INDHRRA" name="TestNG.MouseEvents" tests="2" failures="0" timestamp="22 Dec 2018 20:31:16 GMT" time="0.608" errors="0">
  <testcase name="KeyBoard" time="0.560" classname="TestNG.MouseEvents"/>
  <testcase name="mouseOver" time="0.048" classname="TestNG.MouseEvents"/>
</testsuite> <!-- TestNG.MouseEvents -->
