<?xml version="1.0" encoding="UTF-8"?>
<!-- Generated by org.testng.reporters.JUnitReportReporter -->
<testsuite skipped="0" hostname="INDHRRA" name="TestNG.StaleElement" tests="1" failures="0" timestamp="13 Oct 2018 18:59:35 GMT" time="0.265" errors="0">
  <testcase name="FindingLinks" time="0.265" classname="TestNG.StaleElement"/>
</testsuite> <!-- TestNG.StaleElement -->
